2023-02-22T20:21:42.796+05:30  INFO 30069 --- [main] c.b.streamer.LogsStreamerApplication     : Starting LogsStreamerApplication using Java 17.0.5 with PID 30069 (/home/unkel-kp/Projects/log-streamer/target/classes started by unkel-kp in /home/unkel-kp/Projects/log-streamer)
2023-02-22T20:21:42.801+05:30  INFO 30069 --- [main] c.b.streamer.LogsStreamerApplication     : No active profile set, falling back to 1 default profile: "default"
2023-02-22T20:21:43.917+05:30  INFO 30069 --- [main] o.s.b.w.embedded.tomcat.TomcatWebServer  : Tomcat initialized with port(s): 8080 (http)
2023-02-22T20:21:43.927+05:30  INFO 30069 --- [main] o.apache.catalina.core.StandardService   : Starting service [Tomcat]
2023-02-22T20:21:43.928+05:30  INFO 30069 --- [main] o.apache.catalina.core.StandardEngine    : Starting Servlet engine: [Apache Tomcat/10.1.5]
2023-02-22T20:21:44.021+05:30  INFO 30069 --- [main] o.a.c.c.C.[Tomcat].[localhost].[/]       : Initializing Spring embedded WebApplicationContext
2023-02-22T20:21:44.022+05:30  INFO 30069 --- [main] w.s.c.ServletWebServerApplicationContext : Root WebApplicationContext: initialization completed in 1156 ms
2023-02-22T20:21:44.595+05:30  INFO 30069 --- [main] o.s.b.a.e.web.EndpointLinksResolver      : Exposing 1 endpoint(s) beneath base path '/actuator'
2023-02-22T20:21:44.655+05:30  INFO 30069 --- [main] o.s.b.w.embedded.tomcat.TomcatWebServer  : Tomcat started on port(s): 8080 (http) with context path ''
2023-02-22T20:21:44.669+05:30  INFO 30069 --- [main] c.b.streamer.LogsStreamerApplication     : Started LogsStreamerApplication in 2.421 seconds (process running for 2.902)
2023-02-22T20:23:34.290+05:30  INFO 30069 --- [http-nio-8080-exec-1] o.a.c.c.C.[Tomcat].[localhost].[/]       : Initializing Spring DispatcherServlet 'dispatcherServlet'
2023-02-22T20:23:34.294+05:30  INFO 30069 --- [http-nio-8080-exec-1] o.s.web.servlet.DispatcherServlet        : Initializing Servlet 'dispatcherServlet'
2023-02-22T20:23:34.296+05:30  INFO 30069 --- [http-nio-8080-exec-1] o.s.web.servlet.DispatcherServlet        : Completed initialization in 2 ms
2023-02-22T20:24:04.842+05:30  WARN 30069 --- [http-nio-8080-exec-2] .w.s.m.s.DefaultHandlerExceptionResolver : Resolved [org.springframework.web.context.request.async.AsyncRequestTimeoutException]
2023-02-22T20:28:15.348+05:30  INFO 31524 --- [main] c.b.streamer.LogsStreamerApplication     : Starting LogsStreamerApplication using Java 17.0.5 with PID 31524 (/home/unkel-kp/Projects/log-streamer/target/classes started by unkel-kp in /home/unkel-kp/Projects/log-streamer)
2023-02-22T20:28:15.352+05:30  INFO 31524 --- [main] c.b.streamer.LogsStreamerApplication     : No active profile set, falling back to 1 default profile: "default"
2023-02-22T20:28:16.550+05:30  INFO 31524 --- [main] o.s.b.w.embedded.tomcat.TomcatWebServer  : Tomcat initialized with port(s): 8080 (http)
2023-02-22T20:28:16.561+05:30  INFO 31524 --- [main] o.apache.catalina.core.StandardService   : Starting service [Tomcat]
2023-02-22T20:28:16.562+05:30  INFO 31524 --- [main] o.apache.catalina.core.StandardEngine    : Starting Servlet engine: [Apache Tomcat/10.1.5]
2023-02-22T20:28:16.695+05:30  INFO 31524 --- [main] o.a.c.c.C.[Tomcat].[localhost].[/]       : Initializing Spring embedded WebApplicationContext
2023-02-22T20:28:16.696+05:30  INFO 31524 --- [main] w.s.c.ServletWebServerApplicationContext : Root WebApplicationContext: initialization completed in 1286 ms
2023-02-22T20:28:17.880+05:30  INFO 31524 --- [main] o.s.b.a.e.web.EndpointLinksResolver      : Exposing 1 endpoint(s) beneath base path '/actuator'
2023-02-22T20:28:17.979+05:30  INFO 31524 --- [main] o.s.b.w.embedded.tomcat.TomcatWebServer  : Tomcat started on port(s): 8080 (http) with context path ''
2023-02-22T20:28:18.007+05:30  INFO 31524 --- [main] c.b.streamer.LogsStreamerApplication     : Started LogsStreamerApplication in 3.171 seconds (process running for 3.606)
2023-02-22T20:28:35.885+05:30  INFO 31524 --- [http-nio-8080-exec-2] o.a.c.c.C.[Tomcat].[localhost].[/]       : Initializing Spring DispatcherServlet 'dispatcherServlet'
2023-02-22T20:28:35.886+05:30  INFO 31524 --- [http-nio-8080-exec-2] o.s.web.servlet.DispatcherServlet        : Initializing Servlet 'dispatcherServlet'
2023-02-22T20:28:35.888+05:30  INFO 31524 --- [http-nio-8080-exec-2] o.s.web.servlet.DispatcherServlet        : Completed initialization in 1 ms
2023-02-22T20:30:54.731+05:30  INFO 32090 --- [main] c.b.streamer.LogsStreamerApplication     : Starting LogsStreamerApplication using Java 17.0.5 with PID 32090 (/home/unkel-kp/Projects/log-streamer/target/classes started by unkel-kp in /home/unkel-kp/Projects/log-streamer)
2023-02-22T20:30:54.736+05:30  INFO 32090 --- [main] c.b.streamer.LogsStreamerApplication     : No active profile set, falling back to 1 default profile: "default"
2023-02-22T20:30:55.844+05:30  INFO 32090 --- [main] o.s.b.w.embedded.tomcat.TomcatWebServer  : Tomcat initialized with port(s): 8080 (http)
2023-02-22T20:30:55.855+05:30  INFO 32090 --- [main] o.apache.catalina.core.StandardService   : Starting service [Tomcat]
2023-02-22T20:30:55.856+05:30  INFO 32090 --- [main] o.apache.catalina.core.StandardEngine    : Starting Servlet engine: [Apache Tomcat/10.1.5]
2023-02-22T20:30:55.949+05:30  INFO 32090 --- [main] o.a.c.c.C.[Tomcat].[localhost].[/]       : Initializing Spring embedded WebApplicationContext
2023-02-22T20:30:55.950+05:30  INFO 32090 --- [main] w.s.c.ServletWebServerApplicationContext : Root WebApplicationContext: initialization completed in 1150 ms
2023-02-22T20:30:56.482+05:30  INFO 32090 --- [main] o.s.b.a.e.web.EndpointLinksResolver      : Exposing 1 endpoint(s) beneath base path '/actuator'
2023-02-22T20:30:56.539+05:30  INFO 32090 --- [main] o.s.b.w.embedded.tomcat.TomcatWebServer  : Tomcat started on port(s): 8080 (http) with context path ''
2023-02-22T20:30:56.552+05:30  INFO 32090 --- [main] c.b.streamer.LogsStreamerApplication     : Started LogsStreamerApplication in 2.363 seconds (process running for 2.794)
2023-02-22T20:32:20.434+05:30  INFO 32421 --- [main] c.b.streamer.LogsStreamerApplication     : Starting LogsStreamerApplication using Java 17.0.5 with PID 32421 (/home/unkel-kp/Projects/log-streamer/target/classes started by unkel-kp in /home/unkel-kp/Projects/log-streamer)
2023-02-22T20:32:20.439+05:30  INFO 32421 --- [main] c.b.streamer.LogsStreamerApplication     : No active profile set, falling back to 1 default profile: "default"
2023-02-22T20:32:21.641+05:30  INFO 32421 --- [main] o.s.b.w.embedded.tomcat.TomcatWebServer  : Tomcat initialized with port(s): 8080 (http)
2023-02-22T20:32:21.653+05:30  INFO 32421 --- [main] o.apache.catalina.core.StandardService   : Starting service [Tomcat]
2023-02-22T20:32:21.654+05:30  INFO 32421 --- [main] o.apache.catalina.core.StandardEngine    : Starting Servlet engine: [Apache Tomcat/10.1.5]
2023-02-22T20:32:21.743+05:30  INFO 32421 --- [main] o.a.c.c.C.[Tomcat].[localhost].[/]       : Initializing Spring embedded WebApplicationContext
2023-02-22T20:32:21.743+05:30  INFO 32421 --- [main] w.s.c.ServletWebServerApplicationContext : Root WebApplicationContext: initialization completed in 1239 ms
2023-02-22T20:32:22.328+05:30  INFO 32421 --- [main] o.s.b.a.e.web.EndpointLinksResolver      : Exposing 1 endpoint(s) beneath base path '/actuator'
2023-02-22T20:32:22.390+05:30  INFO 32421 --- [main] o.s.b.w.embedded.tomcat.TomcatWebServer  : Tomcat started on port(s): 8080 (http) with context path ''
2023-02-22T20:32:22.404+05:30  INFO 32421 --- [main] c.b.streamer.LogsStreamerApplication     : Started LogsStreamerApplication in 2.529 seconds (process running for 2.944)
2023-02-22T20:32:44.416+05:30  INFO 32421 --- [http-nio-8080-exec-1] o.a.c.c.C.[Tomcat].[localhost].[/]       : Initializing Spring DispatcherServlet 'dispatcherServlet'
2023-02-22T20:32:44.417+05:30  INFO 32421 --- [http-nio-8080-exec-1] o.s.web.servlet.DispatcherServlet        : Initializing Servlet 'dispatcherServlet'
2023-02-22T20:32:44.419+05:30  INFO 32421 --- [http-nio-8080-exec-1] o.s.web.servlet.DispatcherServlet        : Completed initialization in 1 ms
2023-02-22T20:33:55.498+05:30  INFO 32792 --- [main] c.b.streamer.LogsStreamerApplication     : Starting LogsStreamerApplication using Java 17.0.5 with PID 32792 (/home/unkel-kp/Projects/log-streamer/target/classes started by unkel-kp in /home/unkel-kp/Projects/log-streamer)
2023-02-22T20:33:55.502+05:30  INFO 32792 --- [main] c.b.streamer.LogsStreamerApplication     : No active profile set, falling back to 1 default profile: "default"
2023-02-22T20:33:56.596+05:30  INFO 32792 --- [main] o.s.b.w.embedded.tomcat.TomcatWebServer  : Tomcat initialized with port(s): 8080 (http)
2023-02-22T20:33:56.606+05:30  INFO 32792 --- [main] o.apache.catalina.core.StandardService   : Starting service [Tomcat]
2023-02-22T20:33:56.607+05:30  INFO 32792 --- [main] o.apache.catalina.core.StandardEngine    : Starting Servlet engine: [Apache Tomcat/10.1.5]
2023-02-22T20:33:56.692+05:30  INFO 32792 --- [main] o.a.c.c.C.[Tomcat].[localhost].[/]       : Initializing Spring embedded WebApplicationContext
2023-02-22T20:33:56.692+05:30  INFO 32792 --- [main] w.s.c.ServletWebServerApplicationContext : Root WebApplicationContext: initialization completed in 1133 ms
2023-02-22T20:33:57.245+05:30  INFO 32792 --- [main] o.s.b.a.e.web.EndpointLinksResolver      : Exposing 1 endpoint(s) beneath base path '/actuator'
2023-02-22T20:33:57.303+05:30  INFO 32792 --- [main] o.s.b.w.embedded.tomcat.TomcatWebServer  : Tomcat started on port(s): 8080 (http) with context path ''
2023-02-22T20:33:57.318+05:30  INFO 32792 --- [main] c.b.streamer.LogsStreamerApplication     : Started LogsStreamerApplication in 2.318 seconds (process running for 2.785)
2023-02-22T20:33:58.397+05:30  INFO 32792 --- [http-nio-8080-exec-1] o.a.c.c.C.[Tomcat].[localhost].[/]       : Initializing Spring DispatcherServlet 'dispatcherServlet'
2023-02-22T20:33:58.397+05:30  INFO 32792 --- [http-nio-8080-exec-1] o.s.web.servlet.DispatcherServlet        : Initializing Servlet 'dispatcherServlet'
2023-02-22T20:33:58.399+05:30  INFO 32792 --- [http-nio-8080-exec-1] o.s.web.servlet.DispatcherServlet        : Completed initialization in 1 ms
2023-02-22T20:35:08.543+05:30  INFO 33150 --- [main] c.b.streamer.LogsStreamerApplication     : Starting LogsStreamerApplication using Java 17.0.5 with PID 33150 (/home/unkel-kp/Projects/log-streamer/target/classes started by unkel-kp in /home/unkel-kp/Projects/log-streamer)
2023-02-22T20:35:08.547+05:30  INFO 33150 --- [main] c.b.streamer.LogsStreamerApplication     : No active profile set, falling back to 1 default profile: "default"
2023-02-22T20:35:09.628+05:30  INFO 33150 --- [main] o.s.b.w.embedded.tomcat.TomcatWebServer  : Tomcat initialized with port(s): 8080 (http)
2023-02-22T20:35:09.639+05:30  INFO 33150 --- [main] o.apache.catalina.core.StandardService   : Starting service [Tomcat]
2023-02-22T20:35:09.640+05:30  INFO 33150 --- [main] o.apache.catalina.core.StandardEngine    : Starting Servlet engine: [Apache Tomcat/10.1.5]
2023-02-22T20:35:09.720+05:30  INFO 33150 --- [main] o.a.c.c.C.[Tomcat].[localhost].[/]       : Initializing Spring embedded WebApplicationContext
2023-02-22T20:35:09.720+05:30  INFO 33150 --- [main] w.s.c.ServletWebServerApplicationContext : Root WebApplicationContext: initialization completed in 1118 ms
2023-02-22T20:35:10.232+05:30  INFO 33150 --- [main] o.s.b.a.e.web.EndpointLinksResolver      : Exposing 1 endpoint(s) beneath base path '/actuator'
2023-02-22T20:35:10.289+05:30  INFO 33150 --- [main] o.s.b.w.embedded.tomcat.TomcatWebServer  : Tomcat started on port(s): 8080 (http) with context path ''
2023-02-22T20:35:10.302+05:30  INFO 33150 --- [main] c.b.streamer.LogsStreamerApplication     : Started LogsStreamerApplication in 2.235 seconds (process running for 2.625)
2023-02-22T20:35:15.365+05:30  INFO 33150 --- [http-nio-8080-exec-1] o.a.c.c.C.[Tomcat].[localhost].[/]       : Initializing Spring DispatcherServlet 'dispatcherServlet'
2023-02-22T20:35:15.365+05:30  INFO 33150 --- [http-nio-8080-exec-1] o.s.web.servlet.DispatcherServlet        : Initializing Servlet 'dispatcherServlet'
2023-02-22T20:35:15.366+05:30  INFO 33150 --- [http-nio-8080-exec-1] o.s.web.servlet.DispatcherServlet        : Completed initialization in 1 ms
2023-02-22T20:37:01.206+05:30  INFO 33485 --- [main] c.b.streamer.LogsStreamerApplication     : Starting LogsStreamerApplication using Java 17.0.5 with PID 33485 (/home/unkel-kp/Projects/log-streamer/target/classes started by unkel-kp in /home/unkel-kp/Projects/log-streamer)
2023-02-22T20:37:01.209+05:30  INFO 33485 --- [main] c.b.streamer.LogsStreamerApplication     : No active profile set, falling back to 1 default profile: "default"
2023-02-22T20:37:02.332+05:30  INFO 33485 --- [main] o.s.b.w.embedded.tomcat.TomcatWebServer  : Tomcat initialized with port(s): 8080 (http)
2023-02-22T20:37:02.343+05:30  INFO 33485 --- [main] o.apache.catalina.core.StandardService   : Starting service [Tomcat]
2023-02-22T20:37:02.343+05:30  INFO 33485 --- [main] o.apache.catalina.core.StandardEngine    : Starting Servlet engine: [Apache Tomcat/10.1.5]
2023-02-22T20:37:02.427+05:30  INFO 33485 --- [main] o.a.c.c.C.[Tomcat].[localhost].[/]       : Initializing Spring embedded WebApplicationContext
2023-02-22T20:37:02.428+05:30  INFO 33485 --- [main] w.s.c.ServletWebServerApplicationContext : Root WebApplicationContext: initialization completed in 1168 ms
2023-02-22T20:37:02.960+05:30  INFO 33485 --- [main] o.s.b.a.e.web.EndpointLinksResolver      : Exposing 1 endpoint(s) beneath base path '/actuator'
2023-02-22T20:37:03.017+05:30  INFO 33485 --- [main] o.s.b.w.embedded.tomcat.TomcatWebServer  : Tomcat started on port(s): 8080 (http) with context path ''
2023-02-22T20:37:03.032+05:30  INFO 33485 --- [main] c.b.streamer.LogsStreamerApplication     : Started LogsStreamerApplication in 2.312 seconds (process running for 2.78)
2023-02-22T20:37:05.300+05:30  INFO 33485 --- [http-nio-8080-exec-1] o.a.c.c.C.[Tomcat].[localhost].[/]       : Initializing Spring DispatcherServlet 'dispatcherServlet'
2023-02-22T20:37:05.300+05:30  INFO 33485 --- [http-nio-8080-exec-1] o.s.web.servlet.DispatcherServlet        : Initializing Servlet 'dispatcherServlet'
2023-02-22T20:37:05.302+05:30  INFO 33485 --- [http-nio-8080-exec-1] o.s.web.servlet.DispatcherServlet        : Completed initialization in 2 ms
2023-02-22T20:37:14.697+05:30  INFO 33485 --- [http-nio-8080-exec-3] c.b.s.c.LogsStreamingController          : hahah
2023-02-22T20:37:14.698+05:30  INFO 33485 --- [http-nio-8080-exec-3] c.b.s.c.LogsStreamingController          : hahah
2023-02-22T20:37:14.698+05:30  INFO 33485 --- [http-nio-8080-exec-3] c.b.s.c.LogsStreamingController          : hahah
2023-02-22T20:37:14.698+05:30  INFO 33485 --- [http-nio-8080-exec-3] c.b.s.c.LogsStreamingController          : hahah
2023-02-22T20:37:14.699+05:30  INFO 33485 --- [http-nio-8080-exec-3] c.b.s.c.LogsStreamingController          : hahah
2023-02-22T20:37:14.699+05:30  INFO 33485 --- [http-nio-8080-exec-3] c.b.s.c.LogsStreamingController          : hahah
2023-02-22T20:37:14.699+05:30  INFO 33485 --- [http-nio-8080-exec-3] c.b.s.c.LogsStreamingController          : hahah
2023-02-22T20:37:14.699+05:30  INFO 33485 --- [http-nio-8080-exec-3] c.b.s.c.LogsStreamingController          : hahah
2023-02-22T20:37:14.699+05:30  INFO 33485 --- [http-nio-8080-exec-3] c.b.s.c.LogsStreamingController          : hahah
2023-02-22T20:37:14.699+05:30  INFO 33485 --- [http-nio-8080-exec-3] c.b.s.c.LogsStreamingController          : hahah
2023-02-22T20:37:20.322+05:30  INFO 33485 --- [http-nio-8080-exec-5] c.b.s.c.LogsStreamingController          : hahah
2023-02-22T20:37:20.323+05:30  INFO 33485 --- [http-nio-8080-exec-5] c.b.s.c.LogsStreamingController          : hahah
2023-02-22T20:37:20.323+05:30  INFO 33485 --- [http-nio-8080-exec-5] c.b.s.c.LogsStreamingController          : hahah
2023-02-22T20:37:20.323+05:30  INFO 33485 --- [http-nio-8080-exec-5] c.b.s.c.LogsStreamingController          : hahah
2023-02-22T20:37:20.324+05:30  INFO 33485 --- [http-nio-8080-exec-5] c.b.s.c.LogsStreamingController          : hahah
2023-02-22T20:37:20.324+05:30  INFO 33485 --- [http-nio-8080-exec-5] c.b.s.c.LogsStreamingController          : hahah
2023-02-22T20:37:20.324+05:30  INFO 33485 --- [http-nio-8080-exec-5] c.b.s.c.LogsStreamingController          : hahah
2023-02-22T20:37:20.325+05:30  INFO 33485 --- [http-nio-8080-exec-5] c.b.s.c.LogsStreamingController          : hahah
2023-02-22T20:37:20.325+05:30  INFO 33485 --- [http-nio-8080-exec-5] c.b.s.c.LogsStreamingController          : hahah
2023-02-22T20:37:20.325+05:30  INFO 33485 --- [http-nio-8080-exec-5] c.b.s.c.LogsStreamingController          : hahah
2023-02-22T20:52:29.574+05:30  INFO 35003 --- [main] c.b.streamer.LogsStreamerApplication     : Starting LogsStreamerApplication using Java 17.0.5 with PID 35003 (/home/unkel-kp/Projects/log-streamer/target/classes started by unkel-kp in /home/unkel-kp/Projects/log-streamer)
2023-02-22T20:52:29.578+05:30  INFO 35003 --- [main] c.b.streamer.LogsStreamerApplication     : No active profile set, falling back to 1 default profile: "default"
2023-02-22T20:52:30.682+05:30  INFO 35003 --- [main] o.s.b.w.embedded.tomcat.TomcatWebServer  : Tomcat initialized with port(s): 8080 (http)
2023-02-22T20:52:30.692+05:30  INFO 35003 --- [main] o.apache.catalina.core.StandardService   : Starting service [Tomcat]
2023-02-22T20:52:30.693+05:30  INFO 35003 --- [main] o.apache.catalina.core.StandardEngine    : Starting Servlet engine: [Apache Tomcat/10.1.5]
2023-02-22T20:52:30.777+05:30  INFO 35003 --- [main] o.a.c.c.C.[Tomcat].[localhost].[/]       : Initializing Spring embedded WebApplicationContext
2023-02-22T20:52:30.778+05:30  INFO 35003 --- [main] w.s.c.ServletWebServerApplicationContext : Root WebApplicationContext: initialization completed in 1140 ms
2023-02-22T20:52:31.312+05:30  INFO 35003 --- [main] o.s.b.a.e.web.EndpointLinksResolver      : Exposing 1 endpoint(s) beneath base path '/actuator'
2023-02-22T20:52:31.373+05:30  INFO 35003 --- [main] o.s.b.w.embedded.tomcat.TomcatWebServer  : Tomcat started on port(s): 8080 (http) with context path ''
2023-02-22T20:52:31.389+05:30  INFO 35003 --- [main] c.b.streamer.LogsStreamerApplication     : Started LogsStreamerApplication in 2.29 seconds (process running for 2.665)
2023-02-22T20:52:45.726+05:30  INFO 35003 --- [http-nio-8080-exec-1] o.a.c.c.C.[Tomcat].[localhost].[/]       : Initializing Spring DispatcherServlet 'dispatcherServlet'
2023-02-22T20:52:45.728+05:30  INFO 35003 --- [http-nio-8080-exec-1] o.s.web.servlet.DispatcherServlet        : Initializing Servlet 'dispatcherServlet'
2023-02-22T20:52:45.730+05:30  INFO 35003 --- [http-nio-8080-exec-1] o.s.web.servlet.DispatcherServlet        : Completed initialization in 2 ms
2023-02-22T20:53:16.882+05:30  WARN 35003 --- [http-nio-8080-exec-3] .w.s.m.s.DefaultHandlerExceptionResolver : Resolved [org.springframework.web.bind.MissingServletRequestParameterException: Required request parameter 'count' for method parameter type Integer is not present]
2023-02-22T20:53:48.459+05:30  INFO 35003 --- [http-nio-8080-exec-5] c.b.s.c.LogsStreamingController          : This is just a test log.
2023-02-22T20:53:48.461+05:30  INFO 35003 --- [http-nio-8080-exec-5] c.b.s.c.LogsStreamingController          : This is just a test log.
2023-02-22T20:53:48.461+05:30  INFO 35003 --- [http-nio-8080-exec-5] c.b.s.c.LogsStreamingController          : This is just a test log.
2023-02-22T20:53:48.461+05:30  INFO 35003 --- [http-nio-8080-exec-5] c.b.s.c.LogsStreamingController          : This is just a test log.
2023-02-22T20:56:02.680+05:30  INFO 35888 --- [main] c.b.streamer.LogsStreamerApplication     : Starting LogsStreamerApplication using Java 17.0.5 with PID 35888 (/home/unkel-kp/Projects/log-streamer/target/classes started by unkel-kp in /home/unkel-kp/Projects/log-streamer)
2023-02-22T20:56:02.684+05:30  INFO 35888 --- [main] c.b.streamer.LogsStreamerApplication     : No active profile set, falling back to 1 default profile: "default"
2023-02-22T20:56:03.743+05:30  INFO 35888 --- [main] o.s.b.w.embedded.tomcat.TomcatWebServer  : Tomcat initialized with port(s): 8080 (http)
2023-02-22T20:56:03.756+05:30  INFO 35888 --- [main] o.apache.catalina.core.StandardService   : Starting service [Tomcat]
2023-02-22T20:56:03.756+05:30  INFO 35888 --- [main] o.apache.catalina.core.StandardEngine    : Starting Servlet engine: [Apache Tomcat/10.1.5]
2023-02-22T20:56:03.846+05:30  INFO 35888 --- [main] o.a.c.c.C.[Tomcat].[localhost].[/]       : Initializing Spring embedded WebApplicationContext
2023-02-22T20:56:03.847+05:30  INFO 35888 --- [main] w.s.c.ServletWebServerApplicationContext : Root WebApplicationContext: initialization completed in 1108 ms
2023-02-22T20:56:04.365+05:30  INFO 35888 --- [main] o.s.b.a.e.web.EndpointLinksResolver      : Exposing 1 endpoint(s) beneath base path '/actuator'
2023-02-22T20:56:04.430+05:30  INFO 35888 --- [main] o.s.b.w.embedded.tomcat.TomcatWebServer  : Tomcat started on port(s): 8080 (http) with context path ''
2023-02-22T20:56:04.443+05:30  INFO 35888 --- [main] c.b.streamer.LogsStreamerApplication     : Started LogsStreamerApplication in 2.263 seconds (process running for 2.671)
2023-02-22T20:56:05.796+05:30  INFO 35888 --- [http-nio-8080-exec-1] o.a.c.c.C.[Tomcat].[localhost].[/]       : Initializing Spring DispatcherServlet 'dispatcherServlet'
2023-02-22T20:56:05.796+05:30  INFO 35888 --- [http-nio-8080-exec-1] o.s.web.servlet.DispatcherServlet        : Initializing Servlet 'dispatcherServlet'
2023-02-22T20:56:05.798+05:30  INFO 35888 --- [http-nio-8080-exec-1] o.s.web.servlet.DispatcherServlet        : Completed initialization in 0 ms
2023-02-22T20:56:24.641+05:30  INFO 35888 --- [http-nio-8080-exec-3] c.b.s.c.LogsStreamingController          : This is just a test log.
2023-02-22T20:56:24.643+05:30  INFO 35888 --- [http-nio-8080-exec-3] c.b.s.c.LogsStreamingController          : This is just a test log.
2023-02-22T20:56:24.643+05:30  INFO 35888 --- [http-nio-8080-exec-3] c.b.s.c.LogsStreamingController          : This is just a test log.
2023-02-22T20:56:24.643+05:30  INFO 35888 --- [http-nio-8080-exec-3] c.b.s.c.LogsStreamingController          : This is just a test log.
2023-02-22T20:57:10.642+05:30  INFO 36199 --- [main] c.b.streamer.LogsStreamerApplication     : Starting LogsStreamerApplication using Java 17.0.5 with PID 36199 (/home/unkel-kp/Projects/log-streamer/target/classes started by unkel-kp in /home/unkel-kp/Projects/log-streamer)
2023-02-22T20:57:10.647+05:30  INFO 36199 --- [main] c.b.streamer.LogsStreamerApplication     : No active profile set, falling back to 1 default profile: "default"
2023-02-22T20:57:11.667+05:30  INFO 36199 --- [main] o.s.b.w.embedded.tomcat.TomcatWebServer  : Tomcat initialized with port(s): 8080 (http)
2023-02-22T20:57:11.678+05:30  INFO 36199 --- [main] o.apache.catalina.core.StandardService   : Starting service [Tomcat]
2023-02-22T20:57:11.678+05:30  INFO 36199 --- [main] o.apache.catalina.core.StandardEngine    : Starting Servlet engine: [Apache Tomcat/10.1.5]
2023-02-22T20:57:11.752+05:30  INFO 36199 --- [main] o.a.c.c.C.[Tomcat].[localhost].[/]       : Initializing Spring embedded WebApplicationContext
2023-02-22T20:57:11.753+05:30  INFO 36199 --- [main] w.s.c.ServletWebServerApplicationContext : Root WebApplicationContext: initialization completed in 1041 ms
2023-02-22T20:57:12.260+05:30  INFO 36199 --- [main] o.s.b.a.e.web.EndpointLinksResolver      : Exposing 1 endpoint(s) beneath base path '/actuator'
2023-02-22T20:57:12.317+05:30  INFO 36199 --- [main] o.s.b.w.embedded.tomcat.TomcatWebServer  : Tomcat started on port(s): 8080 (http) with context path ''
2023-02-22T20:57:12.330+05:30  INFO 36199 --- [main] c.b.streamer.LogsStreamerApplication     : Started LogsStreamerApplication in 2.216 seconds (process running for 2.625)
2023-02-22T20:57:16.860+05:30  INFO 36199 --- [http-nio-8080-exec-1] o.a.c.c.C.[Tomcat].[localhost].[/]       : Initializing Spring DispatcherServlet 'dispatcherServlet'
2023-02-22T20:57:16.861+05:30  INFO 36199 --- [http-nio-8080-exec-1] o.s.web.servlet.DispatcherServlet        : Initializing Servlet 'dispatcherServlet'
2023-02-22T20:57:16.862+05:30  INFO 36199 --- [http-nio-8080-exec-1] o.s.web.servlet.DispatcherServlet        : Completed initialization in 1 ms
2023-02-22T20:57:31.183+05:30  INFO 36199 --- [http-nio-8080-exec-4] c.b.s.c.LogsStreamingController          : This is just a test log.
2023-02-22T20:57:31.184+05:30  INFO 36199 --- [http-nio-8080-exec-4] c.b.s.c.LogsStreamingController          : This is just a test log.
2023-02-22T20:57:31.185+05:30  INFO 36199 --- [http-nio-8080-exec-4] c.b.s.c.LogsStreamingController          : This is just a test log.
2023-02-22T20:57:31.185+05:30  INFO 36199 --- [http-nio-8080-exec-4] c.b.s.c.LogsStreamingController          : This is just a test log.
2023-02-22T21:00:22.469+05:30  INFO 36199 --- [http-nio-8080-exec-6] c.b.s.c.LogsStreamingController          : This is just a test log.
2023-02-22T21:00:22.471+05:30  INFO 36199 --- [http-nio-8080-exec-6] c.b.s.c.LogsStreamingController          : This is just a test log.
2023-02-22T21:00:22.472+05:30  INFO 36199 --- [http-nio-8080-exec-6] c.b.s.c.LogsStreamingController          : This is just a test log.
2023-02-22T21:00:22.472+05:30  INFO 36199 --- [http-nio-8080-exec-6] c.b.s.c.LogsStreamingController          : This is just a test log.
2023-02-22T21:00:38.017+05:30  INFO 36199 --- [http-nio-8080-exec-7] c.b.s.c.LogsStreamingController          : This is just a test log.
2023-02-22T21:00:38.019+05:30  INFO 36199 --- [http-nio-8080-exec-7] c.b.s.c.LogsStreamingController          : This is just a test log.
2023-02-22T21:00:38.019+05:30  INFO 36199 --- [http-nio-8080-exec-7] c.b.s.c.LogsStreamingController          : This is just a test log.
2023-02-22T21:00:38.019+05:30  INFO 36199 --- [http-nio-8080-exec-7] c.b.s.c.LogsStreamingController          : This is just a test log.
2023-02-22T21:00:41.803+05:30  INFO 36199 --- [http-nio-8080-exec-8] c.b.s.c.LogsStreamingController          : This is just a test log.
2023-02-22T21:00:41.804+05:30  INFO 36199 --- [http-nio-8080-exec-8] c.b.s.c.LogsStreamingController          : This is just a test log.
2023-02-22T21:00:41.804+05:30  INFO 36199 --- [http-nio-8080-exec-8] c.b.s.c.LogsStreamingController          : This is just a test log.
2023-02-22T21:00:41.804+05:30  INFO 36199 --- [http-nio-8080-exec-8] c.b.s.c.LogsStreamingController          : This is just a test log.
